<?xml version="1.0" encoding="UTF-8"?>
<testsuite name="utilities.SparqlIndexerTest" tests="1" skipped="0" failures="0" errors="0" timestamp="2021-03-05T14:05:59" hostname="mbp-di-Matteo.station" time="18.862">
  <properties/>
  <testcase name="test" classname="utilities.SparqlIndexerTest" time="18.862"/>
  <system-out><![CDATA[]]></system-out>
  <system-err><![CDATA[[Test worker] INFO utilities.lucene.SparqlIndexer - ::: I am using the following SELECT query:
prefix dbp:<http://dbpedia.org/property/> prefix dbpedia:<http://dbpedia.org/resource/> SELECT distinct ?uri WHERE { {select distinct ?uri where {?uri dbp:title dbpedia:Prime_Minister_of_the_United_Kingdom} ORDER BY ?uri } }
[Test worker] INFO utilities.lucene.SparqlIndexer - Taking 10000 tuples..
[Test worker] INFO utilities.lucene.SparqlIndexer - ::: Getting the RDF for http://dbpedia.org/resource/1722_British_general_election
[Test worker] INFO utilities.lucene.SparqlIndexer - ::: Getting the RDF for http://dbpedia.org/resource/1727_British_general_election
[Test worker] INFO utilities.lucene.SparqlIndexer - ::: Getting the RDF for http://dbpedia.org/resource/1734_British_general_election
[Test worker] INFO utilities.lucene.SparqlIndexer - ::: Getting the RDF for http://dbpedia.org/resource/1741_British_general_election
[Test worker] INFO utilities.lucene.SparqlIndexer - ::: Getting the RDF for http://dbpedia.org/resource/1747_British_general_election
[Test worker] INFO utilities.lucene.SparqlIndexer - ::: Getting the RDF for http://dbpedia.org/resource/1754_British_general_election
[Test worker] INFO utilities.lucene.SparqlIndexer - ::: Getting the RDF for http://dbpedia.org/resource/1761_British_general_election
[Test worker] INFO utilities.lucene.SparqlIndexer - ::: Getting the RDF for http://dbpedia.org/resource/1768_British_general_election
[Test worker] INFO utilities.lucene.SparqlIndexer - ::: Getting the RDF for http://dbpedia.org/resource/1774_British_general_election
[Test worker] INFO utilities.lucene.SparqlIndexer - ::: Getting the RDF for http://dbpedia.org/resource/1780_British_general_election
[Test worker] INFO utilities.lucene.SparqlIndexer - ::: Getting the RDF for http://dbpedia.org/resource/1784_British_general_election
[Test worker] INFO utilities.lucene.SparqlIndexer - ::: Getting the RDF for http://dbpedia.org/resource/1790_British_general_election
[Test worker] INFO utilities.lucene.SparqlIndexer - ::: Getting the RDF for http://dbpedia.org/resource/1796_British_general_election
[Test worker] INFO utilities.lucene.SparqlIndexer - ::: Getting the RDF for http://dbpedia.org/resource/1802_United_Kingdom_general_election
[Test worker] INFO utilities.lucene.SparqlIndexer - ::: Getting the RDF for http://dbpedia.org/resource/1806_United_Kingdom_general_election
[Test worker] INFO utilities.lucene.SparqlIndexer - ::: Getting the RDF for http://dbpedia.org/resource/1807_United_Kingdom_general_election
[Test worker] INFO utilities.lucene.SparqlIndexer - ::: Getting the RDF for http://dbpedia.org/resource/1812_United_Kingdom_general_election
[Test worker] INFO utilities.lucene.SparqlIndexer - ::: Getting the RDF for http://dbpedia.org/resource/1818_United_Kingdom_general_election
[Test worker] INFO utilities.lucene.SparqlIndexer - ::: Getting the RDF for http://dbpedia.org/resource/1820_United_Kingdom_general_election
[Test worker] INFO utilities.lucene.SparqlIndexer - ::: Getting the RDF for http://dbpedia.org/resource/1826_United_Kingdom_general_election
[Test worker] INFO utilities.lucene.SparqlIndexer - ::: Getting the RDF for http://dbpedia.org/resource/1830_United_Kingdom_general_election
[Test worker] INFO utilities.lucene.SparqlIndexer - ::: Getting the RDF for http://dbpedia.org/resource/1831_United_Kingdom_general_election
[Test worker] INFO utilities.lucene.SparqlIndexer - ::: Getting the RDF for http://dbpedia.org/resource/1832_United_Kingdom_general_election
[Test worker] INFO utilities.lucene.SparqlIndexer - ::: Getting the RDF for http://dbpedia.org/resource/1835_United_Kingdom_general_election
[Test worker] INFO utilities.lucene.SparqlIndexer - ::: Getting the RDF for http://dbpedia.org/resource/1837_United_Kingdom_general_election
[Test worker] INFO utilities.lucene.SparqlIndexer - ::: Getting the RDF for http://dbpedia.org/resource/1841_United_Kingdom_general_election
[Test worker] INFO utilities.lucene.SparqlIndexer - ::: Getting the RDF for http://dbpedia.org/resource/1847_United_Kingdom_general_election
[Test worker] INFO utilities.lucene.SparqlIndexer - ::: Getting the RDF for http://dbpedia.org/resource/1852_United_Kingdom_general_election
[Test worker] INFO utilities.lucene.SparqlIndexer - ::: Getting the RDF for http://dbpedia.org/resource/1857_United_Kingdom_general_election
[Test worker] INFO utilities.lucene.SparqlIndexer - ::: Getting the RDF for http://dbpedia.org/resource/1859_United_Kingdom_general_election
[Test worker] INFO utilities.lucene.SparqlIndexer - ::: Getting the RDF for http://dbpedia.org/resource/1865_United_Kingdom_general_election
[Test worker] INFO utilities.lucene.SparqlIndexer - ::: Getting the RDF for http://dbpedia.org/resource/1868_United_Kingdom_general_election
[Test worker] INFO utilities.lucene.SparqlIndexer - ::: Getting the RDF for http://dbpedia.org/resource/1874_United_Kingdom_general_election
[Test worker] INFO utilities.lucene.SparqlIndexer - ::: Getting the RDF for http://dbpedia.org/resource/1880_United_Kingdom_general_election
[Test worker] INFO utilities.lucene.SparqlIndexer - ::: Getting the RDF for http://dbpedia.org/resource/1885_United_Kingdom_general_election
[Test worker] INFO utilities.lucene.SparqlIndexer - ::: Getting the RDF for http://dbpedia.org/resource/1886_United_Kingdom_general_election
[Test worker] INFO utilities.lucene.SparqlIndexer - ::: Getting the RDF for http://dbpedia.org/resource/1892_United_Kingdom_general_election
[Test worker] INFO utilities.lucene.SparqlIndexer - ::: Getting the RDF for http://dbpedia.org/resource/1895_United_Kingdom_general_election
[Test worker] INFO utilities.lucene.SparqlIndexer - ::: Getting the RDF for http://dbpedia.org/resource/1900_United_Kingdom_general_election
[Test worker] INFO utilities.lucene.SparqlIndexer - ::: Getting the RDF for http://dbpedia.org/resource/1906_United_Kingdom_general_election
[Test worker] INFO utilities.lucene.SparqlIndexer - ::: Getting the RDF for http://dbpedia.org/resource/1918_United_Kingdom_general_election
[Test worker] INFO utilities.lucene.SparqlIndexer - ::: Getting the RDF for http://dbpedia.org/resource/1922_United_Kingdom_general_election
[Test worker] INFO utilities.lucene.SparqlIndexer - ::: Getting the RDF for http://dbpedia.org/resource/1923_United_Kingdom_general_election
[Test worker] INFO utilities.lucene.SparqlIndexer - ::: Getting the RDF for http://dbpedia.org/resource/1924_United_Kingdom_general_election
[Test worker] INFO utilities.lucene.SparqlIndexer - ::: Getting the RDF for http://dbpedia.org/resource/1929_United_Kingdom_general_election
[Test worker] INFO utilities.lucene.SparqlIndexer - ::: Getting the RDF for http://dbpedia.org/resource/1931_United_Kingdom_general_election
[Test worker] INFO utilities.lucene.SparqlIndexer - ::: Getting the RDF for http://dbpedia.org/resource/1935_United_Kingdom_general_election
[Test worker] INFO utilities.lucene.SparqlIndexer - ::: Getting the RDF for http://dbpedia.org/resource/1945_United_Kingdom_general_election
[Test worker] INFO utilities.lucene.SparqlIndexer - ::: Getting the RDF for http://dbpedia.org/resource/1950_United_Kingdom_general_election
[Test worker] INFO utilities.lucene.SparqlIndexer - ::: Getting the RDF for http://dbpedia.org/resource/1951_United_Kingdom_general_election
[Test worker] INFO utilities.lucene.SparqlIndexer - ::: Getting the RDF for http://dbpedia.org/resource/1955_United_Kingdom_general_election
[Test worker] INFO utilities.lucene.SparqlIndexer - ::: Getting the RDF for http://dbpedia.org/resource/1959_United_Kingdom_general_election
[Test worker] INFO utilities.lucene.SparqlIndexer - ::: Getting the RDF for http://dbpedia.org/resource/1964_United_Kingdom_general_election
[Test worker] INFO utilities.lucene.SparqlIndexer - ::: Getting the RDF for http://dbpedia.org/resource/1966_United_Kingdom_general_election
[Test worker] INFO utilities.lucene.SparqlIndexer - ::: Getting the RDF for http://dbpedia.org/resource/1970_United_Kingdom_general_election
[Test worker] INFO utilities.lucene.SparqlIndexer - ::: Getting the RDF for http://dbpedia.org/resource/1979_United_Kingdom_general_election
[Test worker] INFO utilities.lucene.SparqlIndexer - ::: Getting the RDF for http://dbpedia.org/resource/1983_United_Kingdom_general_election
[Test worker] INFO utilities.lucene.SparqlIndexer - ::: Getting the RDF for http://dbpedia.org/resource/1987_United_Kingdom_general_election
[Test worker] INFO utilities.lucene.SparqlIndexer - ::: Getting the RDF for http://dbpedia.org/resource/1992_United_Kingdom_general_election
[Test worker] INFO utilities.lucene.SparqlIndexer - ::: Getting the RDF for http://dbpedia.org/resource/1997_United_Kingdom_general_election
[Test worker] INFO utilities.lucene.SparqlIndexer - ::: Getting the RDF for http://dbpedia.org/resource/1997_United_Kingdom_general_election_in_Edinburgh
[Test worker] INFO utilities.lucene.SparqlIndexer - ::: Getting the RDF for http://dbpedia.org/resource/2001_United_Kingdom_general_election
[Test worker] INFO utilities.lucene.SparqlIndexer - ::: Getting the RDF for http://dbpedia.org/resource/2005_United_Kingdom_general_election
[Test worker] INFO utilities.lucene.SparqlIndexer - ::: Getting the RDF for http://dbpedia.org/resource/2005_United_Kingdom_general_election_in_Edinburgh
[Test worker] INFO utilities.lucene.SparqlIndexer - ::: Getting the RDF for http://dbpedia.org/resource/2010_United_Kingdom_general_election
[Test worker] INFO utilities.lucene.SparqlIndexer - ::: Getting the RDF for http://dbpedia.org/resource/2017_United_Kingdom_general_election
[Test worker] INFO utilities.lucene.SparqlIndexer - ::: Getting the RDF for http://dbpedia.org/resource/2019_United_Kingdom_general_election
[Test worker] INFO utilities.lucene.SparqlIndexer - ::: Getting the RDF for http://dbpedia.org/resource/Anthony_Eden
[Test worker] INFO utilities.lucene.SparqlIndexer - ::: Getting the RDF for http://dbpedia.org/resource/Archibald_Primrose,_5th_Earl_of_Rosebery
[Test worker] INFO utilities.lucene.SparqlIndexer - ::: Getting the RDF for http://dbpedia.org/resource/Arthur_Balfour
[Test worker] INFO utilities.lucene.SparqlIndexer - ::: Getting the RDF for http://dbpedia.org/resource/Asquith_coalition_ministry
[Test worker] INFO utilities.lucene.SparqlIndexer - ::: Getting the RDF for http://dbpedia.org/resource/Augustus_FitzRoy,_3rd_Duke_of_Grafton
[Test worker] INFO utilities.lucene.SparqlIndexer - ::: Getting the RDF for http://dbpedia.org/resource/Bonar_Law
[Test worker] INFO utilities.lucene.SparqlIndexer - ::: Getting the RDF for http://dbpedia.org/resource/Candidates_in_the_2017_United_Kingdom_general_election
[Test worker] INFO utilities.lucene.SparqlIndexer - ::: Getting the RDF for http://dbpedia.org/resource/Charles_Grey,_2nd_Earl_Grey
[Test worker] INFO utilities.lucene.SparqlIndexer - ::: Getting the RDF for http://dbpedia.org/resource/Charles_Watson-Wentworth,_2nd_Marquess_of_Rockingham
[Test worker] INFO utilities.lucene.SparqlIndexer - ::: Getting the RDF for http://dbpedia.org/resource/Clement_Attlee
[Test worker] INFO utilities.lucene.SparqlIndexer - ::: Getting the RDF for http://dbpedia.org/resource/David_Cameron
[Test worker] INFO utilities.lucene.SparqlIndexer - ::: Getting the RDF for http://dbpedia.org/resource/David_Lloyd_George
[Test worker] INFO utilities.lucene.SparqlIndexer - ::: Getting the RDF for http://dbpedia.org/resource/December_1910_United_Kingdom_general_election
[Test worker] INFO utilities.lucene.SparqlIndexer - ::: Getting the RDF for http://dbpedia.org/resource/Edward_Heath
[Test worker] INFO utilities.lucene.SparqlIndexer - ::: Getting the RDF for http://dbpedia.org/resource/Edward_Smith-Stanley,_14th_Earl_of_Derby
[Test worker] INFO utilities.lucene.SparqlIndexer - ::: Getting the RDF for http://dbpedia.org/resource/F._J._Robinson,_1st_Viscount_Goderich
[Test worker] INFO utilities.lucene.SparqlIndexer - ::: Getting the RDF for http://dbpedia.org/resource/February_1974_United_Kingdom_general_election
[Test worker] INFO utilities.lucene.SparqlIndexer - ::: Getting the RDF for http://dbpedia.org/resource/Frederick_North,_Lord_North
[Test worker] INFO utilities.lucene.SparqlIndexer - ::: Getting the RDF for http://dbpedia.org/resource/George_Canning
[Test worker] INFO utilities.lucene.SparqlIndexer - ::: Getting the RDF for http://dbpedia.org/resource/George_Grenville
[Test worker] INFO utilities.lucene.SparqlIndexer - ::: Getting the RDF for http://dbpedia.org/resource/George_Hamilton-Gordon,_4th_Earl_of_Aberdeen
[Test worker] INFO utilities.lucene.SparqlIndexer - ::: Getting the RDF for http://dbpedia.org/resource/Gordon_Brown
[Test worker] INFO utilities.lucene.SparqlIndexer - ::: Getting the RDF for http://dbpedia.org/resource/H._H._Asquith
[Test worker] INFO utilities.lucene.SparqlIndexer - ::: Getting the RDF for http://dbpedia.org/resource/Harold_Macmillan
[Test worker] INFO utilities.lucene.SparqlIndexer - ::: Getting the RDF for http://dbpedia.org/resource/Harold_Wilson
[Test worker] INFO utilities.lucene.SparqlIndexer - ::: Getting the RDF for http://dbpedia.org/resource/Henry_Addington
[Test worker] INFO utilities.lucene.SparqlIndexer - ::: Getting the RDF for http://dbpedia.org/resource/Henry_Campbell-Bannerman
[Test worker] INFO utilities.lucene.SparqlIndexer - ::: Getting the RDF for http://dbpedia.org/resource/Henry_John_Temple,_3rd_Viscount_Palmerston
[Test worker] INFO utilities.lucene.SparqlIndexer - ::: Getting the RDF for http://dbpedia.org/resource/Henry_Pelham
[Test worker] INFO utilities.lucene.SparqlIndexer - ::: Getting the RDF for http://dbpedia.org/resource/James_Callaghan
[Test worker] INFO utilities.lucene.SparqlIndexer - ::: Getting the RDF for http://dbpedia.org/resource/January_1910_United_Kingdom_general_election
[Test worker] INFO utilities.lucene.SparqlIndexer - ::: Getting the RDF for http://dbpedia.org/resource/John_Stuart,_3rd_Earl_of_Bute
[Test worker] INFO utilities.lucene.SparqlIndexer - ::: Getting the RDF for http://dbpedia.org/resource/Neville_Chamberlain
[Test worker] INFO utilities.lucene.SparqlIndexer - ::: Getting the RDF for http://dbpedia.org/resource/Next_United_Kingdom_general_election
[Test worker] INFO utilities.lucene.SparqlIndexer - ::: Getting the RDF for http://dbpedia.org/resource/October_1974_United_Kingdom_general_election
[Test worker] INFO utilities.lucene.SparqlIndexer - ::: Getting the RDF for http://dbpedia.org/resource/Ramsay_MacDonald
[Test worker] INFO utilities.lucene.SparqlIndexer - ::: Getting the RDF for http://dbpedia.org/resource/Results_breakdown_of_the_2005_United_Kingdom_general_election
[Test worker] INFO utilities.lucene.SparqlIndexer - ::: Getting the RDF for http://dbpedia.org/resource/Results_breakdown_of_the_2010_United_Kingdom_general_election
[Test worker] INFO utilities.lucene.SparqlIndexer - ::: Getting the RDF for http://dbpedia.org/resource/Results_breakdown_of_the_2015_United_Kingdom_general_election
[Test worker] INFO utilities.lucene.SparqlIndexer - ::: Getting the RDF for http://dbpedia.org/resource/Results_breakdown_of_the_2017_United_Kingdom_general_election
[Test worker] INFO utilities.lucene.SparqlIndexer - ::: Getting the RDF for http://dbpedia.org/resource/Results_breakdown_of_the_2019_United_Kingdom_general_election
[Test worker] INFO utilities.lucene.SparqlIndexer - ::: Getting the RDF for http://dbpedia.org/resource/Robert_Jenkinson,_2nd_Earl_of_Liverpool
[Test worker] INFO utilities.lucene.SparqlIndexer - ::: Getting the RDF for http://dbpedia.org/resource/Robert_Peel
[Test worker] INFO utilities.lucene.SparqlIndexer - ::: Getting the RDF for http://dbpedia.org/resource/Robert_Walpole
[Test worker] INFO utilities.lucene.SparqlIndexer - ::: Getting the RDF for http://dbpedia.org/resource/Spencer_Compton,_1st_Earl_of_Wilmington
[Test worker] INFO utilities.lucene.SparqlIndexer - ::: Getting the RDF for http://dbpedia.org/resource/Spencer_Perceval
[Test worker] INFO utilities.lucene.SparqlIndexer - ::: Getting the RDF for http://dbpedia.org/resource/Thomas_Pelham-Holles,_1st_Duke_of_Newcastle
[Test worker] INFO utilities.lucene.SparqlIndexer - ::: Getting the RDF for http://dbpedia.org/resource/Tony_Blair
[Test worker] INFO utilities.lucene.SparqlIndexer - ::: Getting the RDF for http://dbpedia.org/resource/William_Cavendish,_4th_Duke_of_Devonshire
[Test worker] INFO utilities.lucene.SparqlIndexer - ::: Getting the RDF for http://dbpedia.org/resource/William_Cavendish-Bentinck,_3rd_Duke_of_Portland
[Test worker] INFO utilities.lucene.SparqlIndexer - ::: Getting the RDF for http://dbpedia.org/resource/William_Ewart_Gladstone
[Test worker] INFO utilities.lucene.SparqlIndexer - ::: Getting the RDF for http://dbpedia.org/resource/William_Grenville,_1st_Baron_Grenville
[Test worker] INFO utilities.lucene.SparqlIndexer - ::: Getting the RDF for http://dbpedia.org/resource/William_Lamb,_2nd_Viscount_Melbourne
[Test worker] INFO utilities.lucene.SparqlIndexer - ::: Getting the RDF for http://dbpedia.org/resource/William_Petty,_2nd_Earl_of_Shelburne
[Test worker] INFO utilities.lucene.SparqlIndexer - ::: Getting the RDF for http://dbpedia.org/resource/William_Pitt,_1st_Earl_of_Chatham
[Test worker] INFO utilities.lucene.SparqlIndexer - ::: Getting the RDF for http://dbpedia.org/resource/William_Pitt_the_Younger
[Test worker] INFO utilities.lucene.SparqlIndexer - ::: Getting the RDF for http://dbpedia.org/resource/Winston_Churchill
]]></system-err>
</testsuite>
